<?xml version="1.0" encoding="UTF-8"?>
<!-- Generated by org.testng.reporters.JUnitXMLReporter -->
<testsuite ignored="0" hostname="LTIN278707" failures="0" tests="7" name="Test" time="168.045" errors="0" timestamp="2024-03-28T10:43:24 IST">
  <testcase classname="Testcases.Test001" name="JustDialHomePage" time="1.82"/>
  <testcase classname="Testcases.Test001" name="selectlocation" time="9.749"/>
  <testcase classname="Testcases.Test001" name="secondpage" time="47.296"/>
  <testcase classname="Testcases.Test002" name="Freelistingpage" time="8.296"/>
  <testcase classname="Testcases.Test002" name="check" time="1.534"/>
  <testcase classname="Testcases.Test003" name="GymPage" time="10.261"/>
  <testcase classname="Testcases.Test003" name="collectinfo" time="6.296"/>
</testsuite> <!-- Test -->
