<?xml version="1.0" encoding="UTF-8"?>
<testng-results ignored="0" total="3" passed="2" failed="1" skipped="0">
  <reporter-output>
  </reporter-output>
  <suite started-at="2024-02-28T10:17:41 IST" name="Suite" finished-at="2024-02-28T10:20:09 IST" duration-ms="147514">
    <groups>
    </groups>
    <test started-at="2024-02-28T10:17:41 IST" name="Test" finished-at="2024-02-28T10:20:09 IST" duration-ms="147514">
      <class name="Testcases.Test003">
        <test-method is-config="true" signature="initilizeBrowser(java.lang.String,java.lang.String)[pri:0, instance:Testcases.Test003@4145bad8]" started-at="2024-02-28T10:19:39 IST" name="initilizeBrowser" finished-at="2024-02-28T10:19:53 IST" duration-ms="14166" status="PASS">
          <params>
            <param index="0">
              <value>
                <![CDATA[windows]]>
              </value>
            </param>
            <param index="1">
              <value>
                <![CDATA[chrome]]>
              </value>
            </param>
          </params>
          <reporter-output>
          </reporter-output>
        </test-method> <!-- initilizeBrowser -->
        <test-method signature="GymPage()[pri:0, instance:Testcases.Test003@4145bad8]" started-at="2024-02-28T10:19:53 IST" name="GymPage" finished-at="2024-02-28T10:20:07 IST" duration-ms="13905" status="PASS">
          <reporter-output>
          </reporter-output>
        </test-method> <!-- GymPage -->
        <test-method is-config="true" signature="tearDown()[pri:0, instance:Testcases.Test003@4145bad8]" started-at="2024-02-28T10:20:07 IST" name="tearDown" finished-at="2024-02-28T10:20:09 IST" duration-ms="1494" status="PASS">
          <reporter-output>
          </reporter-output>
        </test-method> <!-- tearDown -->
      </class> <!-- Testcases.Test003 -->
      <class name="Testcases.Test002">
        <test-method is-config="true" signature="initilizeBrowser(java.lang.String,java.lang.String)[pri:0, instance:Testcases.Test002@63376bed]" started-at="2024-02-28T10:19:06 IST" name="initilizeBrowser" finished-at="2024-02-28T10:19:20 IST" duration-ms="13777" status="PASS">
          <params>
            <param index="0">
              <value>
                <![CDATA[windows]]>
              </value>
            </param>
            <param index="1">
              <value>
                <![CDATA[chrome]]>
              </value>
            </param>
          </params>
          <reporter-output>
          </reporter-output>
        </test-method> <!-- initilizeBrowser -->
        <test-method signature="Freelistingpage()[pri:0, instance:Testcases.Test002@63376bed]" started-at="2024-02-28T10:19:20 IST" name="Freelistingpage" finished-at="2024-02-28T10:19:37 IST" duration-ms="17211" status="PASS">
          <reporter-output>
          </reporter-output>
        </test-method> <!-- Freelistingpage -->
        <test-method is-config="true" signature="tearDown()[pri:0, instance:Testcases.Test002@63376bed]" started-at="2024-02-28T10:19:37 IST" name="tearDown" finished-at="2024-02-28T10:19:39 IST" duration-ms="1331" status="PASS">
          <reporter-output>
          </reporter-output>
        </test-method> <!-- tearDown -->
      </class> <!-- Testcases.Test002 -->
      <class name="Testcases.Test001">
        <test-method is-config="true" signature="initilizeBrowser(java.lang.String,java.lang.String)[pri:0, instance:Testcases.Test001@20140db9]" started-at="2024-02-28T10:17:42 IST" name="initilizeBrowser" finished-at="2024-02-28T10:18:06 IST" duration-ms="23599" status="PASS">
          <params>
            <param index="0">
              <value>
                <![CDATA[windows]]>
              </value>
            </param>
            <param index="1">
              <value>
                <![CDATA[chrome]]>
              </value>
            </param>
          </params>
          <reporter-output>
          </reporter-output>
        </test-method> <!-- initilizeBrowser -->
        <test-method signature="JustDialHomePage()[pri:0, instance:Testcases.Test001@20140db9]" started-at="2024-02-28T10:18:06 IST" name="JustDialHomePage" finished-at="2024-02-28T10:19:04 IST" duration-ms="57972" status="FAIL">
          <exception class="org.openqa.selenium.ElementClickInterceptedException">
            <message>
              <![CDATA[element click intercepted: Element <div class="jsx-3349e7cd87e12d75 button_flare"></div> is not clickable at point (295, 533). Other element would receive the click: <section class="jsx-d17cc062da6c7a17 jd_modal jd_contact_info_pop outside_content_jd_contact_info_pop">...</section>
  (Session info: chrome=115.0.5790.99)
Build info: version: '4.17.0', revision: 'e52b1be057*'
System info: os.name: 'Windows 11', os.arch: 'amd64', os.version: '10.0', java.version: '17.0.9'
Driver info: org.openqa.selenium.chrome.ChromeDriver
Command: [29b8788e11cbc5a8927ee0692ca2d1a5, clickElement {id=BE878ADFF16D98D95C2D5863296DD0CA_element_231}]
Capabilities {acceptInsecureCerts: false, browserName: chrome, browserVersion: 115.0.5790.99, chrome: {chromedriverVersion: 115.0.5790.170 (cc0d30c2ca5..., userDataDir: C:\Windows\SystemTemp\scope...}, goog:chromeOptions: {debuggerAddress: localhost:56325}, networkConnectionEnabled: false, pageLoadStrategy: normal, platformName: windows, proxy: Proxy(), se:cdp: ws://localhost:56325/devtoo..., se:cdpVersion: 115.0.5790.99, setWindowRect: true, strictFileInteractability: false, timeouts: {implicit: 0, pageLoad: 300000, script: 30000}, unhandledPromptBehavior: dismiss and notify, webauthn:extension:credBlob: true, webauthn:extension:largeBlob: true, webauthn:extension:minPinLength: true, webauthn:extension:prf: true, webauthn:virtualAuthenticators: true}
Element: [[ChromeDriver: chrome on windows (29b8788e11cbc5a8927ee0692ca2d1a5)] -> xpath: //div[@class='jsx-3349e7cd87e12d75 button_flare']]
Session ID: 29b8788e11cbc5a8927ee0692ca2d1a5]]>
            </message>
            <full-stacktrace>
              <![CDATA[org.openqa.selenium.ElementClickInterceptedException: element click intercepted: Element <div class="jsx-3349e7cd87e12d75 button_flare"></div> is not clickable at point (295, 533). Other element would receive the click: <section class="jsx-d17cc062da6c7a17 jd_modal jd_contact_info_pop outside_content_jd_contact_info_pop">...</section>
  (Session info: chrome=115.0.5790.99)
Build info: version: '4.17.0', revision: 'e52b1be057*'
System info: os.name: 'Windows 11', os.arch: 'amd64', os.version: '10.0', java.version: '17.0.9'
Driver info: org.openqa.selenium.chrome.ChromeDriver
Command: [29b8788e11cbc5a8927ee0692ca2d1a5, clickElement {id=BE878ADFF16D98D95C2D5863296DD0CA_element_231}]
Capabilities {acceptInsecureCerts: false, browserName: chrome, browserVersion: 115.0.5790.99, chrome: {chromedriverVersion: 115.0.5790.170 (cc0d30c2ca5..., userDataDir: C:\Windows\SystemTemp\scope...}, goog:chromeOptions: {debuggerAddress: localhost:56325}, networkConnectionEnabled: false, pageLoadStrategy: normal, platformName: windows, proxy: Proxy(), se:cdp: ws://localhost:56325/devtoo..., se:cdpVersion: 115.0.5790.99, setWindowRect: true, strictFileInteractability: false, timeouts: {implicit: 0, pageLoad: 300000, script: 30000}, unhandledPromptBehavior: dismiss and notify, webauthn:extension:credBlob: true, webauthn:extension:largeBlob: true, webauthn:extension:minPinLength: true, webauthn:extension:prf: true, webauthn:virtualAuthenticators: true}
Element: [[ChromeDriver: chrome on windows (29b8788e11cbc5a8927ee0692ca2d1a5)] -> xpath: //div[@class='jsx-3349e7cd87e12d75 button_flare']]
Session ID: 29b8788e11cbc5a8927ee0692ca2d1a5
at java.base/jdk.internal.reflect.NativeConstructorAccessorImpl.newInstance0(Native Method)
at java.base/jdk.internal.reflect.NativeConstructorAccessorImpl.newInstance(NativeConstructorAccessorImpl.java:77)
at java.base/jdk.internal.reflect.DelegatingConstructorAccessorImpl.newInstance(DelegatingConstructorAccessorImpl.java:45)
at java.base/java.lang.reflect.Constructor.newInstanceWithCaller(Constructor.java:499)
at java.base/java.lang.reflect.Constructor.newInstance(Constructor.java:480)
at org.openqa.selenium.remote.codec.w3c.W3CHttpResponseCodec.createException(W3CHttpResponseCodec.java:185)
at org.openqa.selenium.remote.codec.w3c.W3CHttpResponseCodec.decode(W3CHttpResponseCodec.java:134)
at org.openqa.selenium.remote.codec.w3c.W3CHttpResponseCodec.decode(W3CHttpResponseCodec.java:51)
at org.openqa.selenium.remote.HttpCommandExecutor.execute(HttpCommandExecutor.java:190)
at org.openqa.selenium.remote.service.DriverCommandExecutor.invokeExecute(DriverCommandExecutor.java:216)
at org.openqa.selenium.remote.service.DriverCommandExecutor.execute(DriverCommandExecutor.java:174)
at org.openqa.selenium.remote.RemoteWebDriver.execute(RemoteWebDriver.java:519)
at org.openqa.selenium.remote.RemoteWebElement.execute(RemoteWebElement.java:223)
at org.openqa.selenium.remote.RemoteWebElement.click(RemoteWebElement.java:76)
at pageobjects.ValidationPage.printdeatils(ValidationPage.java:119)
at Testcases.Test001.JustDialHomePage(Test001.java:34)
at java.base/jdk.internal.reflect.NativeMethodAccessorImpl.invoke0(Native Method)
at java.base/jdk.internal.reflect.NativeMethodAccessorImpl.invoke(NativeMethodAccessorImpl.java:77)
at java.base/jdk.internal.reflect.DelegatingMethodAccessorImpl.invoke(DelegatingMethodAccessorImpl.java:43)
at java.base/java.lang.reflect.Method.invoke(Method.java:568)
at org.testng.internal.MethodInvocationHelper.invokeMethod(MethodInvocationHelper.java:133)
at org.testng.internal.TestInvoker.invokeMethod(TestInvoker.java:598)
at org.testng.internal.TestInvoker.invokeTestMethod(TestInvoker.java:173)
at org.testng.internal.MethodRunner.runInSequence(MethodRunner.java:46)
at org.testng.internal.TestInvoker$MethodInvocationAgent.invoke(TestInvoker.java:824)
at org.testng.internal.TestInvoker.invokeTestMethods(TestInvoker.java:146)
at org.testng.internal.TestMethodWorker.invokeTestMethods(TestMethodWorker.java:146)
at org.testng.internal.TestMethodWorker.run(TestMethodWorker.java:128)
at java.base/java.util.ArrayList.forEach(ArrayList.java:1511)
at org.testng.TestRunner.privateRun(TestRunner.java:794)
at org.testng.TestRunner.run(TestRunner.java:596)
at org.testng.SuiteRunner.runTest(SuiteRunner.java:377)
at org.testng.SuiteRunner.runSequentially(SuiteRunner.java:371)
at org.testng.SuiteRunner.privateRun(SuiteRunner.java:332)
at org.testng.SuiteRunner.run(SuiteRunner.java:276)
at org.testng.SuiteRunnerWorker.runSuite(SuiteRunnerWorker.java:53)
at org.testng.SuiteRunnerWorker.run(SuiteRunnerWorker.java:96)
at org.testng.TestNG.runSuitesSequentially(TestNG.java:1212)
at org.testng.TestNG.runSuitesLocally(TestNG.java:1134)
at org.testng.TestNG.runSuites(TestNG.java:1063)
at org.testng.TestNG.run(TestNG.java:1031)
at org.testng.remote.AbstractRemoteTestNG.run(AbstractRemoteTestNG.java:115)
at org.testng.remote.RemoteTestNG.initAndRun(RemoteTestNG.java:251)
at org.testng.remote.RemoteTestNG.main(RemoteTestNG.java:77)
]]>
            </full-stacktrace>
          </exception> <!-- org.openqa.selenium.ElementClickInterceptedException -->
          <reporter-output>
          </reporter-output>
        </test-method> <!-- JustDialHomePage -->
        <test-method is-config="true" signature="tearDown()[pri:0, instance:Testcases.Test001@20140db9]" started-at="2024-02-28T10:19:05 IST" name="tearDown" finished-at="2024-02-28T10:19:06 IST" duration-ms="1365" status="PASS">
          <reporter-output>
          </reporter-output>
        </test-method> <!-- tearDown -->
      </class> <!-- Testcases.Test001 -->
    </test> <!-- Test -->
  </suite> <!-- Suite -->
</testng-results>
